Resource Report
Microsemi Corporation - Microsemi Libero Software Release Libero SoC v11.8 SP2 (Version 11.8.2.4)
Date: Sat Jan 27 22:53:48 2018

Device Selection
+--------------------------------+----------------+
| Family                         | SmartFusion2   |
| Device                         | M2S025         |
| Package                        | 256 VF         |
| Speed Grade                    | STD            |
| Temp                           | 0:25:85        |
| Voltage                        | 1.26:1.20:1.14 |
| Core Voltage                   | 1.2V           |
| Ramp Rate                      | 100ms Minimum  |
| System Controller Suspend Mode | No             |
| PLL Supply Voltage             | 2.5V           |
| Default I/O technology         | LVCMOS 2.5V    |
| Restrict Probe Pins            | Yes            |
| Restrict SPI Pins              | No             |
+--------------------------------+----------------+

Source Files
+---------+----------------------------------------------------------------------------------------------------------------------------------------+
| Topcell | PROC_SUBSYSTEM                                                                                                                         |
| Format  | EDIF                                                                                                                                   |
| Source  | C:\Users\REN\Documents\GitHub\Microsemi_SmartFusion2_RISCV_ObjectTracker\SF2_CoreRISCV_AXI4_ObjectTracker\synthesis\PROC_SUBSYSTEM.edn |
+---------+----------------------------------------------------------------------------------------------------------------------------------------+

Options
+----------------------------------------------------+-------+
| Enable Single Event Transient mitigation           | false |
| Enable Design Separation Methodology               | false |
| Limit the number of high fanout nets to display to | 10    |
+----------------------------------------------------+-------+

Resource Usage
+---------------------------+-------+-------+------------+
| Type                      | Used  | Total | Percentage |
+---------------------------+-------+-------+------------+
| 4LUT                      | 16612 | 27696 | 59.98      |
| DFF                       | 11928 | 27696 | 43.07      |
| I/O Register              | 0     | 414   | 0.00       |
| User I/O                  | 78    | 138   | 56.52      |
| -- Single-ended I/O       | 72    | 138   | 52.17      |
| -- Differential I/O Pairs | 3     | 65    | 4.62       |
| RAM64x18                  | 21    | 34    | 61.76      |
| RAM1K18                   | 8     | 31    | 25.81      |
| MACC                      | 2     | 34    | 5.88       |
| Chip Globals              | 11    | 16    | 68.75      |
| CCC                       | 1     | 6     | 16.67      |
| RCOSC_25_50MHZ            | 1     | 1     | 100.00     |
| RCOSC_1MHZ                | 0     | 1     | 0.00       |
| XTLOSC                    | 0     | 1     | 0.00       |
| MSS                       | 1     | 1     | 100.00     |
+---------------------------+-------+-------+------------+

Detailed Logic Resource Usage
+--------------------------+-------+-------+
| Type                     | 4LUT  | DFF   |
+--------------------------+-------+-------+
| Fabric Logic             | 15496 | 10812 |
| RAM64x18 Interface Logic | 756   | 756   |
| RAM1K18 Interface Logic  | 288   | 288   |
| MACC Interface Logic     | 72    | 72    |
| Total Used               | 16612 | 11928 |
+--------------------------+-------+-------+

MSS Resource Usage
+---------------+------+-------+
| Type          | Used | Total |
+---------------+------+-------+
| Cortex-M3*    | 1    | 1     |
| eNVM (256KB)* | 1    | 1     |
| eSRAM*        | 2    | 2     |
| TIMER*        | 2    | 2     |
| CAN           | 0    | 1     |
| SPI           | 0    | 2     |
| I2C           | 0    | 2     |
| UART          | 0    | 2     |
| USB           | 0    | 1     |
| MAC           | 0    | 1     |
| MDDR          | 1    | 1     |
| HPDMA         | 1    | 1     |
| PDMA          | 1    | 1     |
+---------------+------+-------+

* These resources are always marked as used when you are using the MSS

Detailed Carry Chains Resource Usage
+--------+------+
| Length | Used |
| 2      | 340  |
| 5      | 35   |
| 6      | 4    |
| 7      | 10   |
| 8      | 5    |
| 9      | 2    |
| 10     | 65   |
| 11     | 5    |
| 14     | 2    |
| 17     | 24   |
| 22     | 84   |
| 30     | 2    |
| 32     | 5    |
| 33     | 15   |
| 49     | 1    |
| 58     | 1    |
| 59     | 1    |
| 64     | 1    |
| 65     | 1    |
| Total  | 603  |
+--------+------+

Detailed MACC Resource Usage
+--------+------+
| Length | Used |
| 2      | 1    |
| Total  | 1    |
+--------+------+

I/O Function
+--------------------------------------+--------------+-------------+-----------------+
| Type                                 | w/o register | w/ register | w/ DDR register |
+--------------------------------------+--------------+-------------+-----------------+
| Input I/O                            | 6            | 0           | 0               |
| Output I/O                           | 48           | 0           | 0               |
| Bidirectional I/O                    | 18           | 0           | 0               |
| Differential Input I/O Pairs         | 0            | 0           | 0               |
| Differential Output I/O Pairs        | 1            | 0           | 0               |
| Differential Bidirectional I/O Pairs | 2            | 0           | 0               |
+--------------------------------------+--------------+-------------+-----------------+

I/O Technology
+--------------------------------+--------+--------+-------+--------+---------------+
| I/O Standard                   | Vddi   | Vref   | Input | Output | Bidirectional |
+--------------------------------+--------+--------+-------+--------+---------------+
| LVCMOS25                       |  2.50v |  N/A   |  5    |  21    |  0            |
| SSTL18II (Input/Bidirectional) |  1.80v |  1.00v |  1    |  0     |  22           |
| SSTL18II (Output)              |  1.80v |  N/A   |  0    |  29    |  0            |
+--------------------------------+--------+--------+-------+--------+---------------+

I/O Placement
+----------+-------+------------+
| Type     | Count | Percentage |
+----------+-------+------------+
| Locked   |  52   | 66.67%     |
| Placed   |  0    | 0.00%      |
| UnPlaced |  26   | 33.33%     |
+----------+-------+------------+

Nets assigned to chip global resources
+--------+---------+------------------------------------------------------------------------------------+
| Fanout | Type    | Name                                                                               |
+--------+---------+------------------------------------------------------------------------------------+
| 10556  | INT_NET | Net   : MSS_SUBSYSTEM_sb_0_FIC_0_CLK                                               |
|        |         | Driver: MSS_SUBSYSTEM_sb_0/CCC_0/GL0_INST/U0_RGB1                                  |
|        |         | Source: NETLIST                                                                    |
| 2731   | INT_NET | Net   : MSS_SUBSYSTEM_sb_0_INIT_DONE                                               |
|        |         | Driver: MSS_SUBSYSTEM_sb_0/CORERESETP_0/INIT_DONE_int_RNIESS/U0_RGB1               |
|        |         | Source: NETLIST                                                                    |
| 192    | INT_NET | Net   : COREJTAGDEBUG_0_TGT_TCK                                                    |
|        |         | Driver: COREJTAGDEBUG_0/tck_clkint/U0_RGB1                                         |
|        |         | Source: NETLIST                                                                    |
| 87     | INT_NET | Net   : COREJTAGDEBUG_0.TGT_TRSTB                                                  |
|        |         | Driver: COREJTAGDEBUG_0/genblk1_UJTAG_0_RNIFG38/U0_RGB1                            |
|        |         | Source: NETLIST                                                                    |
| 78     | INT_NET | Net   : MSS_SUBSYSTEM_sb_0/CORECONFIGP_0_APB_S_PRESET_N                            |
|        |         | Driver: MSS_SUBSYSTEM_sb_0/MSS_SUBSYSTEM_sb_MSS_0/MSS_ADLIB_INST_RNI1HN6_0/U0_RGB1 |
|        |         | Source: NETLIST                                                                    |
| 76     | INT_NET | Net   : MSS_SUBSYSTEM_sb_0/CORECONFIGP_0_APB_S_PCLK                                |
|        |         | Driver: MSS_SUBSYSTEM_sb_0/MSS_SUBSYSTEM_sb_MSS_0/MSS_ADLIB_INST_RNI1HN6/U0_RGB1   |
|        |         | Source: NETLIST                                                                    |
| 26     | INT_NET | Net   : MSS_SUBSYSTEM_sb_0/CORERESETP_0/sm0_areset_n_clk_base                      |
|        |         | Driver: MSS_SUBSYSTEM_sb_0/CORERESETP_0/sm0_areset_n_clk_base_RNIU66D/U0_RGB1      |
|        |         | Source: NETLIST                                                                    |
| 22     | INT_NET | Net   : MSS_SUBSYSTEM_sb_0/FABOSC_0_RCOSC_25_50MHZ_O2F                             |
|        |         | Driver: MSS_SUBSYSTEM_sb_0/FABOSC_0/I_RCOSC_25_50MHZ_FAB_CLKINT/U0_RGB1            |
|        |         | Source: NETLIST                                                                    |
| 17     | INT_NET | Net   : MSS_SUBSYSTEM_sb_0/CORERESETP_0/sm0_areset_n_rcosc                         |
|        |         | Driver: MSS_SUBSYSTEM_sb_0/CORERESETP_0/sm0_areset_n_rcosc_RNI4N5C/U0_RGB1         |
|        |         | Source: NETLIST                                                                    |
| 16     | INT_NET | Net   : COREJTAGDEBUG_0/UDRCK_OUT                                                  |
|        |         | Driver: COREJTAGDEBUG_0/genblk1_udrck_clkint/U0_RGB1                               |
|        |         | Source: NETLIST                                                                    |
| 14     | INT_NET | Net   : CORERISCV_AXI4_0/rd_reset_i                                                |
|        |         | Driver: CORERISCV_AXI4_0/debugBusReqFifo/rd_reset_RNI5HA5/U0_RGB1                  |
|        |         | Source: NETLIST                                                                    |
+--------+---------+------------------------------------------------------------------------------------+

Nets assigned to row global resources
+--------+------+------+
| Fanout | Type | Name |
+--------+------+------+
+--------+------+------+

High fanout nets
+--------+---------+------------------------------------------------------------------------------------------------------------------------------------------------------------------------------------+
| Fanout | Type    | Name                                                                                                                                                                               |
+--------+---------+------------------------------------------------------------------------------------------------------------------------------------------------------------------------------------+
| 1344   | INT_NET | Net   : CORERISCV_AXI4_0/ChiselTop0/RocketTile_1/DCache_1/meta/GEN_3[1]                                                                                                            |
|        |         | Driver: CORERISCV_AXI4_0/ChiselTop0/RocketTile_1/DCache_1/meta/GEN_3[1]                                                                                                            |
| 739    | INT_NET | Net   : MSS_SUBSYSTEM_sb_0/CORERESETP_0/INIT_DONE_int                                                                                                                              |
|        |         | Driver: MSS_SUBSYSTEM_sb_0/CORERESETP_0/INIT_DONE_int                                                                                                                              |
| 672    | INT_NET | Net   : CORERISCV_AXI4_0/ChiselTop0/RocketTile_1/DCache_1/meta/GEN_3_rep[0]                                                                                                        |
|        |         | Driver: CORERISCV_AXI4_0/ChiselTop0/RocketTile_1/DCache_1/meta/GEN_3_rep[0]                                                                                                        |
| 509    | INT_NET | Net   : CORERISCV_AXI4_0/ChiselTop0/RocketTile_1/icache_io_cpu_resp_bits_data_0[21]                                                                                                |
|        |         | Driver: CORERISCV_AXI4_0/ChiselTop0/RocketTile_1/icache/fetch_data[21]                                                                                                             |
| 506    | INT_NET | Net   : CORERISCV_AXI4_0/ChiselTop0/RocketTile_1/icache_io_cpu_resp_bits_data_0[16]                                                                                                |
|        |         | Driver: CORERISCV_AXI4_0/ChiselTop0/RocketTile_1/icache/fetch_data[16]                                                                                                             |
| 407    | INT_NET | Net   : CoreAPB3_0_APBmslave1_PADDR[2]                                                                                                                                             |
|        |         | Driver: COREAHBTOAPB3_0/U_ApbAddrData/haddrReg[2]                                                                                                                                  |
| 336    | INT_NET | Net   : CORERISCV_AXI4_0/ChiselTop0/RocketTile_1/DCache_1/meta/GEN_3[3]                                                                                                            |
|        |         | Driver: CORERISCV_AXI4_0/ChiselTop0/RocketTile_1/DCache_1/meta/GEN_3[3]                                                                                                            |
| 274    | INT_NET | Net   : CORERISCV_AXI4_0/ChiselTop0/RocketTile_1/icache_io_cpu_resp_bits_data_0[15]                                                                                                |
|        |         | Driver: CORERISCV_AXI4_0/ChiselTop0/RocketTile_1/icache/fetch_data[15]                                                                                                             |
| 273    | INT_NET | Net   : CORERISCV_AXI4_0/ChiselTop0/RocketTile_1/icache_io_cpu_resp_bits_data_0[20]                                                                                                |
|        |         | Driver: CORERISCV_AXI4_0/ChiselTop0/RocketTile_1/icache/fetch_data[20]                                                                                                             |
| 268    | INT_NET | Net   : CORERISCV_AXI4_0/ChiselTop0/uncore/T_628                                                                                                                                   |
|        |         | Driver: CORERISCV_AXI4_0/ChiselTop0/uncore/TileLinkRecursiveInterconnect_2/xbar/PROC_SUBSYSTEM_CORERISCV_AXI4_0_CORERISCV_AXI4_CLIENT_UNCACHED_TILE_LINK_IO_ROUTER_1/gnt_arb/T_628 |
+--------+---------+------------------------------------------------------------------------------------------------------------------------------------------------------------------------------------+

High fanout nets (through buffer trees)
+--------+---------+------------------------------------------------------------------------------------------------------------------------------------------------------------------------------------+
| Fanout | Type    | Name                                                                                                                                                                               |
+--------+---------+------------------------------------------------------------------------------------------------------------------------------------------------------------------------------------+
| 1344   | INT_NET | Net   : CORERISCV_AXI4_0/ChiselTop0/RocketTile_1/DCache_1/meta/GEN_3[1]                                                                                                            |
|        |         | Driver: CORERISCV_AXI4_0/ChiselTop0/RocketTile_1/DCache_1/meta/GEN_3[1]                                                                                                            |
| 739    | INT_NET | Net   : MSS_SUBSYSTEM_sb_0/CORERESETP_0/INIT_DONE_int                                                                                                                              |
|        |         | Driver: MSS_SUBSYSTEM_sb_0/CORERESETP_0/INIT_DONE_int                                                                                                                              |
| 672    | INT_NET | Net   : CORERISCV_AXI4_0/ChiselTop0/RocketTile_1/DCache_1/meta/GEN_3_rep[0]                                                                                                        |
|        |         | Driver: CORERISCV_AXI4_0/ChiselTop0/RocketTile_1/DCache_1/meta/GEN_3_rep[0]                                                                                                        |
| 509    | INT_NET | Net   : CORERISCV_AXI4_0/ChiselTop0/RocketTile_1/icache_io_cpu_resp_bits_data_0[21]                                                                                                |
|        |         | Driver: CORERISCV_AXI4_0/ChiselTop0/RocketTile_1/icache/fetch_data[21]                                                                                                             |
| 506    | INT_NET | Net   : CORERISCV_AXI4_0/ChiselTop0/RocketTile_1/icache_io_cpu_resp_bits_data_0[16]                                                                                                |
|        |         | Driver: CORERISCV_AXI4_0/ChiselTop0/RocketTile_1/icache/fetch_data[16]                                                                                                             |
| 407    | INT_NET | Net   : CoreAPB3_0_APBmslave1_PADDR[2]                                                                                                                                             |
|        |         | Driver: COREAHBTOAPB3_0/U_ApbAddrData/haddrReg[2]                                                                                                                                  |
| 336    | INT_NET | Net   : CORERISCV_AXI4_0/ChiselTop0/RocketTile_1/DCache_1/meta/GEN_3[3]                                                                                                            |
|        |         | Driver: CORERISCV_AXI4_0/ChiselTop0/RocketTile_1/DCache_1/meta/GEN_3[3]                                                                                                            |
| 274    | INT_NET | Net   : CORERISCV_AXI4_0/ChiselTop0/RocketTile_1/icache_io_cpu_resp_bits_data_0[15]                                                                                                |
|        |         | Driver: CORERISCV_AXI4_0/ChiselTop0/RocketTile_1/icache/fetch_data[15]                                                                                                             |
| 273    | INT_NET | Net   : CORERISCV_AXI4_0/ChiselTop0/RocketTile_1/icache_io_cpu_resp_bits_data_0[20]                                                                                                |
|        |         | Driver: CORERISCV_AXI4_0/ChiselTop0/RocketTile_1/icache/fetch_data[20]                                                                                                             |
| 268    | INT_NET | Net   : CORERISCV_AXI4_0/ChiselTop0/uncore/T_628                                                                                                                                   |
|        |         | Driver: CORERISCV_AXI4_0/ChiselTop0/uncore/TileLinkRecursiveInterconnect_2/xbar/PROC_SUBSYSTEM_CORERISCV_AXI4_0_CORERISCV_AXI4_CLIENT_UNCACHED_TILE_LINK_IO_ROUTER_1/gnt_arb/T_628 |
+--------+---------+------------------------------------------------------------------------------------------------------------------------------------------------------------------------------------+

